PID
1
2
3
4
6
8
9
10
11
12
13
15
16
17
18
19
20
21
22
23
24
25
26
27
28
29
46
139
140
141
142
143
145
448
449
450
451
452
454
455
461
519
529
564
565
680
740
750
751
771
772
783
784
785
786
787
788
789
790
791
811
815
827
828
830
844
845
846
847
848
851
855
856
860
861
862
872
879
882
884
899
907
910
1136
1137
1138
1152
1157
1163
1238
1246
1452
1453
36413
107831
148425
347562
348159
348309
348310
348382
348384
349068
349516
534185
542110
550313
551206
554597
556523
556524
556525
556526
556527
556528
556529
556530
